Base path: '/Applications/Unity/Hub/Editor/2019.2.2f1/Unity.app/Contents', plugins path '/Applications/Unity/Hub/Editor/2019.2.2f1/PlaybackEngines'
Cmd: initializeCompiler
Cmd: compileComputeKernel
  api=14 insize=10881 outsize=11445 ok=1
Cmd: compileComputeKernel
  api=14 insize=4855 outsize=5525 ok=1
Cmd: compileComputeKernel
  api=14 insize=18299 outsize=9370 ok=1
Cmd: translateComputeKernel
  api=14 insize=9678 outsize=16573 ok=1
Cmd: compileComputeKernel
  api=14 insize=5435 outsize=6993 ok=1
Cmd: translateComputeKernel
  api=14 insize=6993 outsize=13506 ok=1
Cmd: translateComputeKernel
  api=14 insize=876 outsize=807 ok=1
Cmd: initializeCompiler
Cmd: compileSnippet
  api=14 type=1 insize=3863 outsize=8656 kw=_MAIN_LIGHT_SHADOWS _SHADOWS_SOFT pd=UNITY_ENABLE_REFLECTION_BUFFERS UNITY_USE_DITHER_MASK_FOR_ALPHABLENDED_SHADOWS UNITY_PBS_USE_BRDF1 UNITY_SPECCUBE_BOX_PROJECTION UNITY_SPECCUBE_BLENDING UNITY_ENABLE_DETAIL_NORMALMAP SHADER_API_DESKTOP UNITY_COLORSPACE_GAMMA UNITY_LIGHT_PROBE_PROXY_VOLUME UNITY_LIGHTMAP_FULL_HDR ok=1

Quitting shader compiler process
