Base path: '/Applications/Unity/Hub/Editor/2019.2.2f1/Unity.app/Contents', plugins path '/Applications/Unity/Hub/Editor/2019.2.2f1/PlaybackEngines'
Cmd: initializeCompiler
Cmd: compileSnippet
  api=14 type=1 insize=16611 outsize=1875 kw=_SUNDISK_SIMPLE pd=UNITY_ENABLE_REFLECTION_BUFFERS UNITY_USE_DITHER_MASK_FOR_ALPHABLENDED_SHADOWS UNITY_PBS_USE_BRDF1 UNITY_SPECCUBE_BOX_PROJECTION UNITY_SPECCUBE_BLENDING UNITY_ENABLE_DETAIL_NORMALMAP SHADER_API_DESKTOP UNITY_COLORSPACE_GAMMA UNITY_LIGHT_PROBE_PROXY_VOLUME UNITY_LIGHTMAP_FULL_HDR ok=1
Cmd: initializeCompiler
Cmd: compileComputeKernel
  api=14 insize=2059 outsize=2127 ok=1
Cmd: translateComputeKernel
  api=14 insize=48467 outsize=85339 ok=1
Cmd: compileComputeKernel
  api=14 insize=4855 outsize=10966 ok=1
Cmd: translateComputeKernel
  api=14 insize=5372 outsize=7534 ok=1
Cmd: compileComputeKernel
  api=14 insize=18299 outsize=9901 ok=1
Cmd: translateComputeKernel
  api=14 insize=9901 outsize=16818 ok=1
Cmd: compileComputeKernel
  api=14 insize=3072 outsize=2124 ok=1
Cmd: compileComputeKernel
  api=14 insize=1454 outsize=2071 ok=1
Cmd: translateComputeKernel
  api=14 insize=2071 outsize=3252 ok=1
Cmd: translateComputeKernel
  api=14 insize=1477 outsize=2238 ok=1
Cmd: initializeCompiler

Quitting shader compiler process
